<?xml version="1.0" encoding="UTF-8"?>
<!-- Generated by org.testng.reporters.JUnitReportReporter -->
<testsuite name="Test.AdBrige" tests="1" time="819.769" ignored="2" failures="0" timestamp="01 Jun 2017 15:56:40 GMT" skipped="0" hostname="SPIT03311234455" errors="0">
  <testcase name="URL4" time="819.769" classname="Test.AdBrige"/>
  <testcase name="URL1" classname="Test.AdBrige">
    <skipped/>
  </testcase> <!-- URL1 -->
  <testcase name="URL2" classname="Test.AdBrige">
    <skipped/>
  </testcase> <!-- URL2 -->
</testsuite> <!-- Test.AdBrige -->
