<?xml version="1.0" encoding="UTF-8"?>
<!-- Generated by org.testng.reporters.JUnitReportReporter -->
<testsuite name="Test.Filter_Results" tests="1" time="779.885" ignored="2" failures="0" timestamp="31 May 2017 19:58:28 GMT" skipped="0" hostname="SPIT03311234455" errors="0">
  <testcase name="Filter_Politifact_About" time="779.885" classname="Test.Filter_Results"/>
  <testcase name="Filter_Politifact_By1" classname="Test.Filter_Results">
    <skipped/>
  </testcase> <!-- Filter_Politifact_By1 -->
  <testcase name="Filter_Politifact_By" classname="Test.Filter_Results">
    <skipped/>
  </testcase> <!-- Filter_Politifact_By -->
</testsuite> <!-- Test.Filter_Results -->
