<?xml version="1.0" encoding="UTF-8"?>
<!-- Generated by org.testng.reporters.JUnitReportReporter -->
<testsuite name="Test.NewTest" tests="1" time="39.988" ignored="19" failures="0" timestamp="30 May 2017 20:19:43 GMT" skipped="0" hostname="SPIT03311234455" errors="0">
  <testcase name="Filter_Politifact" time="39.988" classname="Test.NewTest"/>
  <testcase name="Things_To_Do_search_FF_events_daterange" classname="Test.NewTest">
    <skipped/>
  </testcase> <!-- Things_To_Do_search_FF_events_daterange -->
  <testcase name="WordPress_Login" classname="Test.NewTest">
    <skipped/>
  </testcase> <!-- WordPress_Login -->
  <testcase name="Things_To_Do_search_FF_Array" classname="Test.NewTest">
    <skipped/>
  </testcase> <!-- Things_To_Do_search_FF_Array -->
  <testcase name="Fun_Facts_Mugshots_FF" classname="Test.NewTest">
    <skipped/>
  </testcase> <!-- Fun_Facts_Mugshots_FF -->
  <testcase name="Membership_Tracking_FF" classname="Test.NewTest">
    <skipped/>
  </testcase> <!-- Membership_Tracking_FF -->
  <testcase name="Login" classname="Test.NewTest">
    <skipped/>
  </testcase> <!-- Login -->
  <testcase name="Things_To_Do_search_FF_events_Base" classname="Test.NewTest">
    <skipped/>
  </testcase> <!-- Things_To_Do_search_FF_events_Base -->
  <testcase name="Things_To_Do_search_FF" classname="Test.NewTest">
    <skipped/>
  </testcase> <!-- Things_To_Do_search_FF -->
  <testcase name="Membership_Tracking_IE" classname="Test.NewTest">
    <skipped/>
  </testcase> <!-- Membership_Tracking_IE -->
  <testcase name="Most_Shaed_Tracking_FF" classname="Test.NewTest">
    <skipped/>
  </testcase> <!-- Most_Shaed_Tracking_FF -->
  <testcase name="Fun_Facts_Mugshots_Chrome" classname="Test.NewTest">
    <skipped/>
  </testcase> <!-- Fun_Facts_Mugshots_Chrome -->
  <testcase name="loadPage" classname="Test.NewTest">
    <skipped/>
  </testcase> <!-- loadPage -->
  <testcase name="Fun_Facts2" classname="Test.NewTest">
    <skipped/>
  </testcase> <!-- Fun_Facts2 -->
  <testcase name="Membership_Tracking_Chrome" classname="Test.NewTest">
    <skipped/>
  </testcase> <!-- Membership_Tracking_Chrome -->
  <testcase name="Weather_Tracking_FF" classname="Test.NewTest">
    <skipped/>
  </testcase> <!-- Weather_Tracking_FF -->
  <testcase name="navigationBackExample" classname="Test.NewTest">
    <skipped/>
  </testcase> <!-- navigationBackExample -->
  <testcase name="Trending_Now_TBO_footer_Tracking_FF" classname="Test.NewTest">
    <skipped/>
  </testcase> <!-- Trending_Now_TBO_footer_Tracking_FF -->
  <testcase name="Trending_Now_TBO_Tracking_FF" classname="Test.NewTest">
    <skipped/>
  </testcase> <!-- Trending_Now_TBO_Tracking_FF -->
  <testcase name="Politifact_loadTime_QA" classname="Test.NewTest">
    <skipped/>
  </testcase> <!-- Politifact_loadTime_QA -->
</testsuite> <!-- Test.NewTest -->
