<?xml version="1.0" encoding="UTF-8"?>
<!-- Generated by org.testng.reporters.JUnitReportReporter -->
<testsuite name="ScreenShots" tests="1" time="342.954" ignored="0" failures="0" timestamp="18 Apr 2017 14:06:41 GMT" skipped="0" hostname="SPIT03311234455" errors="0">
  <testcase name="ScreenShot" time="342.954" classname="ScreenShots"/>
</testsuite> <!-- ScreenShots -->
